<?xml version="1.0" encoding="UTF-8"?>
<!-- Generated by org.testng.reporters.JUnitReportReporter -->
<testsuite hostname="Art-Samir" failures="0" tests="15" name="rest_assured.Reqres" time="9.386" errors="0" timestamp="2024-05-24T17:29:32 IST" skipped="14">
  <testcase classname="rest_assured.Reqres" name="delayedRespond" time="9.386"/>
  <system-out/>
  <testcase classname="rest_assured.Reqres" name="singleUserNotFound">
    <skipped/>
  </testcase> <!-- singleUserNotFound -->
  <system-out/>
  <testcase classname="rest_assured.Reqres" name="deleteData">
    <skipped/>
  </testcase> <!-- deleteData -->
  <system-out/>
  <testcase classname="rest_assured.Reqres" name="registerUnsuccessful">
    <skipped/>
  </testcase> <!-- registerUnsuccessful -->
  <system-out/>
  <testcase classname="rest_assured.Reqres" name="singleUser">
    <skipped/>
  </testcase> <!-- singleUser -->
  <system-out/>
  <testcase classname="rest_assured.Reqres" name="listResources">
    <skipped/>
  </testcase> <!-- listResources -->
  <system-out/>
  <testcase classname="rest_assured.Reqres" name="loginUnSuccessful">
    <skipped/>
  </testcase> <!-- loginUnSuccessful -->
  <system-out/>
  <testcase classname="rest_assured.Reqres" name="updatePartial">
    <skipped/>
  </testcase> <!-- updatePartial -->
  <system-out/>
  <testcase classname="rest_assured.Reqres" name="update">
    <skipped/>
  </testcase> <!-- update -->
  <system-out/>
  <testcase classname="rest_assured.Reqres" name="listOfUsers">
    <skipped/>
  </testcase> <!-- listOfUsers -->
  <system-out/>
  <testcase classname="rest_assured.Reqres" name="registerSuccessful">
    <skipped/>
  </testcase> <!-- registerSuccessful -->
  <system-out/>
  <testcase classname="rest_assured.Reqres" name="singleResourcesNotFound">
    <skipped/>
  </testcase> <!-- singleResourcesNotFound -->
  <system-out/>
  <testcase classname="rest_assured.Reqres" name="create">
    <skipped/>
  </testcase> <!-- create -->
  <system-out/>
  <testcase classname="rest_assured.Reqres" name="singleResources">
    <skipped/>
  </testcase> <!-- singleResources -->
  <system-out/>
  <testcase classname="rest_assured.Reqres" name="loginSuccessful">
    <skipped/>
  </testcase> <!-- loginSuccessful -->
  <system-out/>
</testsuite> <!-- rest_assured.Reqres -->
