<?xml version="1.0" encoding="UTF-8"?>
<!-- Generated by org.testng.reporters.JUnitReportReporter -->
<testsuite hostname="Art-Samir" failures="0" tests="3" name="rest_assured.trello" time="15.103" errors="0" timestamp="2024-05-28T11:54:40 IST" skipped="0">
  <testcase classname="rest_assured.trello" name="createABoard2" time="11.473"/>
  <system-out/>
  <testcase classname="rest_assured.trello" name="getABoard" time="1.132"/>
  <system-out/>
  <testcase classname="rest_assured.trello" name="deleteABoard" time="2.498"/>
  <system-out/>
</testsuite> <!-- rest_assured.trello -->
