<?xml version="1.0" encoding="UTF-8"?>
<!-- Generated by org.testng.reporters.JUnitReportReporter -->
<testsuite hostname="Art-Samir" failures="0" tests="9" name="rest_assured.simpleBook" time="4.918" errors="0" timestamp="2024-05-27T17:14:27 IST" skipped="8">
  <testcase classname="rest_assured.simpleBook" name="getAnOrders" time="4.918"/>
  <system-out/>
  <testcase classname="rest_assured.simpleBook" name="updateAnOrder">
    <skipped/>
  </testcase> <!-- updateAnOrder -->
  <system-out/>
  <testcase classname="rest_assured.simpleBook" name="getAllOrders">
    <skipped/>
  </testcase> <!-- getAllOrders -->
  <system-out/>
  <testcase classname="rest_assured.simpleBook" name="listOfBooks">
    <skipped/>
  </testcase> <!-- listOfBooks -->
  <system-out/>
  <testcase classname="rest_assured.simpleBook" name="status">
    <skipped/>
  </testcase> <!-- status -->
  <system-out/>
  <testcase classname="rest_assured.simpleBook" name="getASingleBook">
    <skipped/>
  </testcase> <!-- getASingleBook -->
  <system-out/>
  <testcase classname="rest_assured.simpleBook" name="submitAnOrder">
    <skipped/>
  </testcase> <!-- submitAnOrder -->
  <system-out/>
  <testcase classname="rest_assured.simpleBook" name="apiAuthentication">
    <skipped/>
  </testcase> <!-- apiAuthentication -->
  <system-out/>
  <testcase classname="rest_assured.simpleBook" name="deleteAnOrder">
    <skipped/>
  </testcase> <!-- deleteAnOrder -->
  <system-out/>
</testsuite> <!-- rest_assured.simpleBook -->
