<?xml version="1.0" encoding="UTF-8"?>
<!-- Generated by org.testng.reporters.JUnitReportReporter -->
<testsuite hostname="Art-Samir" failures="0" tests="3" name="rest_assured.dummyAPIExample" time="5.494" errors="0" timestamp="2024-05-28T09:14:36 IST" skipped="2">
  <testcase classname="rest_assured.dummyAPIExample" name="getAllEmployees" time="5.494"/>
  <system-out/>
  <testcase classname="rest_assured.dummyAPIExample" name="updateARecord">
    <skipped/>
  </testcase> <!-- updateARecord -->
  <system-out/>
  <testcase classname="rest_assured.dummyAPIExample" name="delete">
    <skipped/>
  </testcase> <!-- delete -->
  <system-out/>
</testsuite> <!-- rest_assured.dummyAPIExample -->
