<?xml version="1.0" encoding="UTF-8"?>
<!-- Generated by org.testng.reporters.JUnitReportReporter -->
<testsuite hostname="Art-Samir" failures="0" tests="1" name="rest_assured.gitRepo" time="11.393" errors="0" timestamp="2024-05-28T13:44:47 IST" skipped="0">
  <testcase classname="rest_assured.gitRepo" name="createANewRepo" time="11.393"/>
  <system-out/>
</testsuite> <!-- rest_assured.gitRepo -->
